<?xml version="1.0" encoding="utf-8"?><testsuites name="pytest tests"><testsuite name="pytest" errors="0" failures="0" skipped="0" tests="17" time="51.941" timestamp="2026-03-12T14:37:34.700668+00:00" hostname="agent-env-b4c8df1b-5364-4c43-a00e-2fbfbc7cf486"><testcase classname="backend.tests.test_closeloop_api.TestHealthCheck" name="test_api_root" time="0.199" /><testcase classname="backend.tests.test_closeloop_api.TestAuthentication" name="test_login_success" time="0.332" /><testcase classname="backend.tests.test_closeloop_api.TestAuthentication" name="test_login_invalid_credentials" time="0.127" /><testcase classname="backend.tests.test_closeloop_api.TestAuthentication" name="test_get_me_with_token" time="0.512" /><testcase classname="backend.tests.test_closeloop_api.TestVault" name="test_get_vault_documents" time="0.467" /><testcase classname="backend.tests.test_closeloop_api.TestVault" name="test_vault_has_seeded_documents" time="0.532" /><testcase classname="backend.tests.test_closeloop_api.TestCalls" name="test_get_calls_list" time="0.493" /><testcase classname="backend.tests.test_closeloop_api.TestCalls" name="test_create_call_with_transcript" time="7.155" /><testcase classname="backend.tests.test_closeloop_api.TestCalls" name="test_get_call_detail_with_ai_outputs" time="7.122" /><testcase classname="backend.tests.test_closeloop_api.TestApprovalWorkflow" name="test_approve_email" time="7.728" /><testcase classname="backend.tests.test_closeloop_api.TestApprovalWorkflow" name="test_approve_documents" time="5.674" /><testcase classname="backend.tests.test_closeloop_api.TestApprovalWorkflow" name="test_approve_crm" time="6.544" /><testcase classname="backend.tests.test_closeloop_api.TestApprovalWorkflow" name="test_approve_tasks" time="6.535" /><testcase classname="backend.tests.test_closeloop_api.TestApprovalWorkflow" name="test_approve_all_sets_status_sent" time="6.109" /><testcase classname="backend.tests.test_closeloop_api.TestTasks" name="test_get_tasks" time="0.494" /><testcase classname="backend.tests.test_closeloop_api.TestUserStats" name="test_get_user_stats" time="0.456" /><testcase classname="backend.tests.test_closeloop_api.TestCleanup" name="test_cleanup_test_calls" time="1.343" /></testsuite></testsuites>