<?xml version="1.0" encoding="utf-8"?><testsuites name="pytest tests"><testsuite name="pytest" errors="0" failures="0" skipped="0" tests="26" time="39.899" timestamp="2026-03-12T21:27:32.709977+00:00" hostname="agent-env-b4c8df1b-5364-4c43-a00e-2fbfbc7cf486"><testcase classname="backend.tests.test_supabase_auth.TestHealthCheck" name="test_api_root" time="0.249" /><testcase classname="backend.tests.test_supabase_auth.TestSupabaseAuth" name="test_login_superuser" time="0.752" /><testcase classname="backend.tests.test_supabase_auth.TestSupabaseAuth" name="test_login_client_admin" time="0.508" /><testcase classname="backend.tests.test_supabase_auth.TestSupabaseAuth" name="test_login_demo_user" time="0.533" /><testcase classname="backend.tests.test_supabase_auth.TestSupabaseAuth" name="test_login_invalid_credentials" time="0.608" /><testcase classname="backend.tests.test_supabase_auth.TestSupabaseAuth" name="test_signup_creates_user" time="0.999" /><testcase classname="backend.tests.test_supabase_auth.TestSupabaseAuth" name="test_get_me_with_token" time="1.014" /><testcase classname="backend.tests.test_supabase_auth.TestPlatformSetup" name="test_setup_already_initialized" time="0.120" /><testcase classname="backend.tests.test_supabase_auth.TestPlatformRoutesSuperuserOnly" name="test_get_workspaces_superuser" time="1.037" /><testcase classname="backend.tests.test_supabase_auth.TestPlatformRoutesSuperuserOnly" name="test_get_workspaces_rejected_for_non_superuser" time="0.939" /><testcase classname="backend.tests.test_supabase_auth.TestPlatformRoutesSuperuserOnly" name="test_get_stats_superuser" time="0.974" /><testcase classname="backend.tests.test_supabase_auth.TestPlatformRoutesSuperuserOnly" name="test_get_stats_rejected_for_non_superuser" time="0.940" /><testcase classname="backend.tests.test_supabase_auth.TestPlatformRoutesSuperuserOnly" name="test_get_superusers_list" time="0.940" /><testcase classname="backend.tests.test_supabase_auth.TestPlatformRoutesSuperuserOnly" name="test_create_workspace_superuser" time="1.570" /><testcase classname="backend.tests.test_supabase_auth.TestPlatformRoutesSuperuserOnly" name="test_create_superuser_superuser" time="1.388" /><testcase classname="backend.tests.test_supabase_auth.TestAdminRoutes" name="test_get_team_admin" time="0.935" /><testcase classname="backend.tests.test_supabase_auth.TestAdminRoutes" name="test_invite_team_member" time="1.183" /><testcase classname="backend.tests.test_supabase_auth.TestAdminRoutes" name="test_get_performance_admin" time="0.948" /><testcase classname="backend.tests.test_supabase_auth.TestUserRoutes" name="test_get_notifications" time="1.162" /><testcase classname="backend.tests.test_supabase_auth.TestUserRoutes" name="test_update_notifications" time="0.979" /><testcase classname="backend.tests.test_supabase_auth.TestUserRoutes" name="test_get_onboarding" time="0.946" /><testcase classname="backend.tests.test_supabase_auth.TestUserRoutes" name="test_update_onboarding" time="1.019" /><testcase classname="backend.tests.test_supabase_auth.TestCallsAndApproval" name="test_create_call_with_transcript" time="6.388" /><testcase classname="backend.tests.test_supabase_auth.TestCallsAndApproval" name="test_get_call_detail_with_ai_outputs" time="5.455" /><testcase classname="backend.tests.test_supabase_auth.TestCallsAndApproval" name="test_approve_all" time="5.826" /><testcase classname="backend.tests.test_supabase_auth.TestCleanup" name="test_cleanup_test_calls" time="2.395" /></testsuite></testsuites>